#
# There is insufficient memory for the Java Runtime Environment to continue.
# Native memory allocation (malloc) failed to allocate 151952 bytes for Chunk::new
# Possible reasons:
#   The system is out of physical RAM or swap space
#   In 32 bit mode, the process size limit was hit
# Possible solutions:
#   Reduce memory load on the system
#   Increase physical memory or swap space
#   Check if swap backing store is full
#   Use 64 bit Java on a 64 bit OS
#   Decrease Java heap size (-Xmx/-Xms)
#   Decrease number of Java threads
#   Decrease Java thread stack sizes (-Xss)
#   Set larger code cache with -XX:ReservedCodeCacheSize=
# This output file may be truncated or incomplete.
#
#  Out of Memory Error (allocation.cpp:390), pid=19960, tid=0x000000000000349c
#
# JRE version: OpenJDK Runtime Environment (8.0_152-b01) (build 1.8.0_152-release-1343-b01)
# Java VM: OpenJDK 64-Bit Server VM (25.152-b01 mixed mode windows-amd64 compressed oops)
# Failed to write core dump. Minidumps are not enabled by default on client versions of Windows
#

---------------  T H R E A D  ---------------

Current thread (0x00000000187be000):  JavaThread "C2 CompilerThread1" daemon [_thread_in_native, id=13468, stack(0x000000001a2b0000,0x000000001a3b0000)]

Stack: [0x000000001a2b0000,0x000000001a3b0000]
[error occurred during error reporting (printing stack bounds), id 0xc0000005]

Native frames: (J=compiled Java code, j=interpreted, Vv=VM code, C=native code)


Current CompileTask:
C2:  15102 2804       4       java.net.URLClassLoader$1::run (5 bytes)


---------------  P R O C E S S  ---------------

Java Threads: ( => current thread )
  0x000000001bbb9000 JavaThread "Cache worker for Artifact transforms cache (C:\Users\zhiwei.yan\.gradle\caches\transforms-1)" [_thread_blocked, id=19100, stack(0x000000001f1c0000,0x000000001f2c0000)]
  0x000000001cf99000 JavaThread "Cache worker for file hash cache (D:\git_branch\Camera2Preview-master\.gradle\4.6\fileHashes)" [_thread_blocked, id=14376, stack(0x000000001def0000,0x000000001dff0000)]
  0x000000001be64800 JavaThread "File lock request listener" [_thread_in_native, id=10676, stack(0x000000001ce20000,0x000000001cf20000)]
  0x000000001b602000 JavaThread "Cache worker for file hash cache (C:\Users\zhiwei.yan\.gradle\caches\4.6\fileHashes)" [_thread_blocked, id=7776, stack(0x000000001cd20000,0x000000001ce20000)]
  0x000000001ab30000 JavaThread "Stdin handler" [_thread_blocked, id=8668, stack(0x000000001ca20000,0x000000001cb20000)]
  0x000000001ab2c000 JavaThread "Asynchronous log dispatcher for DefaultDaemonConnection: socket connection from /127.0.0.1:65427 to /127.0.0.1:65428" [_thread_blocked, id=20392, stack(0x000000001c920000,0x000000001ca20000)]
  0x000000001a8a2800 JavaThread "Daemon worker" [_thread_in_native, id=17584, stack(0x000000001c820000,0x000000001c920000)]
  0x000000001a890800 JavaThread "Cancel handler" [_thread_blocked, id=19664, stack(0x000000001c720000,0x000000001c820000)]
  0x000000001b6b3000 JavaThread "Handler for socket connection from /127.0.0.1:65427 to /127.0.0.1:65428" [_thread_in_native, id=19164, stack(0x000000001c420000,0x000000001c520000)]
  0x000000001b6aa000 JavaThread "Daemon" [_thread_blocked, id=20432, stack(0x000000001c320000,0x000000001c420000)]
  0x0000000019ea0800 JavaThread "Daemon periodic checks" [_thread_blocked, id=19272, stack(0x000000001c220000,0x000000001c320000)]
  0x000000001b5b8000 JavaThread "Incoming local TCP Connector on port 65427" [_thread_in_native, id=19764, stack(0x000000001c080000,0x000000001c180000)]
  0x0000000019c2a800 JavaThread "Service Thread" daemon [_thread_blocked, id=2596, stack(0x000000001a4b0000,0x000000001a5b0000)]
  0x0000000019bbe800 JavaThread "C1 CompilerThread2" daemon [_thread_blocked, id=18404, stack(0x000000001a3b0000,0x000000001a4b0000)]
=>0x00000000187be000 JavaThread "C2 CompilerThread1" daemon [_thread_in_native, id=13468, stack(0x000000001a2b0000,0x000000001a3b0000)]
  0x0000000018770000 JavaThread "C2 CompilerThread0" daemon [_thread_in_native, id=20456, stack(0x000000001a1b0000,0x000000001a2b0000)]
  0x0000000018757800 JavaThread "Attach Listener" daemon [_thread_blocked, id=20052, stack(0x000000001a0b0000,0x000000001a1b0000)]
  0x0000000019bb8800 JavaThread "Signal Dispatcher" daemon [_thread_blocked, id=13808, stack(0x0000000019fb0000,0x000000001a0b0000)]
  0x0000000004a3d000 JavaThread "Finalizer" daemon [_thread_blocked, id=19196, stack(0x00000000199b0000,0x0000000019ab0000)]
  0x0000000004a32000 JavaThread "Reference Handler" daemon [_thread_blocked, id=17080, stack(0x00000000198b0000,0x00000000199b0000)]
  0x0000000004eee800 JavaThread "main" [_thread_blocked, id=19604, stack(0x0000000003090000,0x0000000003190000)]

Other Threads:
  0x0000000018727000 VMThread [stack: 0x00000000197b0000,0x00000000198b0000] [id=20268]
  0x0000000019c2f000 WatcherThread [stack: 0x000000001a5b0000,0x000000001a6b0000] [id=13184]

VM state:not at safepoint (normal execution)

VM Mutex/Monitor currently owned by a thread: None

Heap:
 PSYoungGen      total 64512K, used 42804K [0x00000000e0000000, 0x00000000e5e00000, 0x0000000100000000)
  eden space 54272K, 68% used [0x00000000e0000000,0x00000000e2411390,0x00000000e3500000)
  from space 10240K, 57% used [0x00000000e3500000,0x00000000e3abc040,0x00000000e3f00000)
  to   space 9728K, 0% used [0x00000000e5480000,0x00000000e5480000,0x00000000e5e00000)
 ParOldGen       total 58880K, used 11809K [0x00000000a0000000, 0x00000000a3980000, 0x00000000e0000000)
  object space 58880K, 20% used [0x00000000a0000000,0x00000000a0b886c8,0x00000000a3980000)
 Metaspace       used 29160K, capacity 29686K, committed 29824K, reserved 1075200K
  class space    used 3971K, capacity 4146K, committed 4224K, reserved 1048576K

Card table byte_map: [0x00000000142b0000,0x00000000145c0000] byte_map_base: 0x0000000013db0000

Marking Bits: (ParMarkBitMap*) 0x000000005d335aa0
 Begin Bits: [0x0000000014ac0000, 0x00000000162c0000)
 End Bits:   [0x00000000162c0000, 0x0000000017ac0000)

Polling page: 0x0000000002be0000

CodeCache: size=245760Kb used=9653Kb max_used=9664Kb free=236106Kb
 bounds [0x0000000004ef0000, 0x0000000005870000, 0x0000000013ef0000]
 total_blobs=3247 nmethods=2597 adapters=563
 compilation: enabled

Compilation events (10 events):
Event: 14.198 Thread 0x00000000187be000 nmethod 2800 0x0000000005826910 code [0x0000000005826a60, 0x0000000005826b38]
Event: 14.240 Thread 0x0000000018770000 nmethod 2799 0x000000000586b410 code [0x000000000586b6a0, 0x000000000586ca20]
Event: 14.309 Thread 0x0000000019bbe800 2801       1       com.google.common.collect.MapMakerInternalMap$StrongValueReference::copyFor (2 bytes)
Event: 14.309 Thread 0x0000000019bbe800 nmethod 2801 0x00000000058265d0 code [0x0000000005826720, 0x0000000005826830]
Event: 14.618 Thread 0x0000000019bbe800 2802       1       com.google.common.collect.Iterators::emptyListIterator (4 bytes)
Event: 14.618 Thread 0x0000000019bbe800 nmethod 2802 0x0000000005834410 code [0x0000000005834560, 0x0000000005834650]
Event: 14.663 Thread 0x0000000019bbe800 2803       3       java.nio.ByteBuffer::get (54 bytes)
Event: 14.664 Thread 0x0000000019bbe800 nmethod 2803 0x0000000005833950 code [0x0000000005833b00, 0x0000000005834108]
Event: 14.988 Thread 0x00000000187be000 2804       4       java.net.URLClassLoader$1::run (5 bytes)
Event: 14.989 Thread 0x0000000018770000 2805   !   4       java.net.URLClassLoader$1::run (63 bytes)

GC Heap History (10 events):
Event: 10.277 GC heap before
{Heap before GC invocations=6 (full 1):
 PSYoungGen      total 37376K, used 5093K [0x00000000e0000000, 0x00000000e3480000, 0x0000000100000000)
  eden space 32256K, 0% used [0x00000000e0000000,0x00000000e0000000,0x00000000e1f80000)
  from space 5120K, 99% used [0x00000000e2000000,0x00000000e24f9740,0x00000000e2500000)
  to   space 10752K, 0% used [0x00000000e2a00000,0x00000000e2a00000,0x00000000e3480000)
 ParOldGen       total 86016K, used 9441K [0x00000000a0000000, 0x00000000a5400000, 0x00000000e0000000)
  object space 86016K, 10% used [0x00000000a0000000,0x00000000a09386e8,0x00000000a5400000)
 Metaspace       used 20654K, capacity 21102K, committed 21248K, reserved 1067008K
  class space    used 2887K, capacity 3045K, committed 3072K, reserved 1048576K
Event: 10.330 GC heap after
Heap after GC invocations=6 (full 1):
 PSYoungGen      total 37376K, used 0K [0x00000000e0000000, 0x00000000e3480000, 0x0000000100000000)
  eden space 32256K, 0% used [0x00000000e0000000,0x00000000e0000000,0x00000000e1f80000)
  from space 5120K, 0% used [0x00000000e2000000,0x00000000e2000000,0x00000000e2500000)
  to   space 10752K, 0% used [0x00000000e2a00000,0x00000000e2a00000,0x00000000e3480000)
 ParOldGen       total 58880K, used 9177K [0x00000000a0000000, 0x00000000a3980000, 0x00000000e0000000)
  object space 58880K, 15% used [0x00000000a0000000,0x00000000a08f66a8,0x00000000a3980000)
 Metaspace       used 20654K, capacity 21102K, committed 21248K, reserved 1067008K
  class space    used 2887K, capacity 3045K, committed 3072K, reserved 1048576K
}
Event: 11.154 GC heap before
{Heap before GC invocations=7 (full 1):
 PSYoungGen      total 37376K, used 32256K [0x00000000e0000000, 0x00000000e3480000, 0x0000000100000000)
  eden space 32256K, 100% used [0x00000000e0000000,0x00000000e1f80000,0x00000000e1f80000)
  from space 5120K, 0% used [0x00000000e2000000,0x00000000e2000000,0x00000000e2500000)
  to   space 10752K, 0% used [0x00000000e2a00000,0x00000000e2a00000,0x00000000e3480000)
 ParOldGen       total 58880K, used 9177K [0x00000000a0000000, 0x00000000a3980000, 0x00000000e0000000)
  object space 58880K, 15% used [0x00000000a0000000,0x00000000a08f66a8,0x00000000a3980000)
 Metaspace       used 25598K, capacity 26110K, committed 26368K, reserved 1073152K
  class space    used 3391K, capacity 3540K, committed 3584K, reserved 1048576K
Event: 11.163 GC heap after
Heap after GC invocations=7 (full 1):
 PSYoungGen      total 43008K, used 4619K [0x00000000e0000000, 0x00000000e4900000, 0x0000000100000000)
  eden space 32256K, 0% used [0x00000000e0000000,0x00000000e0000000,0x00000000e1f80000)
  from space 10752K, 42% used [0x00000000e2a00000,0x00000000e2e82fe8,0x00000000e3480000)
  to   space 10752K, 0% used [0x00000000e1f80000,0x00000000e1f80000,0x00000000e2a00000)
 ParOldGen       total 58880K, used 9185K [0x00000000a0000000, 0x00000000a3980000, 0x00000000e0000000)
  object space 58880K, 15% used [0x00000000a0000000,0x00000000a08f86a8,0x00000000a3980000)
 Metaspace       used 25598K, capacity 26110K, committed 26368K, reserved 1073152K
  class space    used 3391K, capacity 3540K, committed 3584K, reserved 1048576K
}
Event: 11.810 GC heap before
{Heap before GC invocations=8 (full 1):
 PSYoungGen      total 43008K, used 36875K [0x00000000e0000000, 0x00000000e4900000, 0x0000000100000000)
  eden space 32256K, 100% used [0x00000000e0000000,0x00000000e1f80000,0x00000000e1f80000)
  from space 10752K, 42% used [0x00000000e2a00000,0x00000000e2e82fe8,0x00000000e3480000)
  to   space 10752K, 0% used [0x00000000e1f80000,0x00000000e1f80000,0x00000000e2a00000)
 ParOldGen       total 58880K, used 9185K [0x00000000a0000000, 0x00000000a3980000, 0x00000000e0000000)
  object space 58880K, 15% used [0x00000000a0000000,0x00000000a08f86a8,0x00000000a3980000)
 Metaspace       used 27829K, capacity 28394K, committed 28544K, reserved 1073152K
  class space    used 3781K, capacity 3958K, committed 3968K, reserved 1048576K
Event: 11.819 GC heap after
Heap after GC invocations=8 (full 1):
 PSYoungGen      total 43008K, used 5664K [0x00000000e0000000, 0x00000000e4900000, 0x0000000100000000)
  eden space 32256K, 0% used [0x00000000e0000000,0x00000000e0000000,0x00000000e1f80000)
  from space 10752K, 52% used [0x00000000e1f80000,0x00000000e25081b8,0x00000000e2a00000)
  to   space 10240K, 0% used [0x00000000e3f00000,0x00000000e3f00000,0x00000000e4900000)
 ParOldGen       total 58880K, used 9193K [0x00000000a0000000, 0x00000000a3980000, 0x00000000e0000000)
  object space 58880K, 15% used [0x00000000a0000000,0x00000000a08fa6a8,0x00000000a3980000)
 Metaspace       used 27829K, capacity 28394K, committed 28544K, reserved 1073152K
  class space    used 3781K, capacity 3958K, committed 3968K, reserved 1048576K
}
Event: 13.256 GC heap before
{Heap before GC invocations=9 (full 1):
 PSYoungGen      total 43008K, used 37920K [0x00000000e0000000, 0x00000000e4900000, 0x0000000100000000)
  eden space 32256K, 100% used [0x00000000e0000000,0x00000000e1f80000,0x00000000e1f80000)
  from space 10752K, 52% used [0x00000000e1f80000,0x00000000e25081b8,0x00000000e2a00000)
  to   space 10240K, 0% used [0x00000000e3f00000,0x00000000e3f00000,0x00000000e4900000)
 ParOldGen       total 58880K, used 9193K [0x00000000a0000000, 0x00000000a3980000, 0x00000000e0000000)
  object space 58880K, 15% used [0x00000000a0000000,0x00000000a08fa6a8,0x00000000a3980000)
 Metaspace       used 29081K, capacity 29686K, committed 29824K, reserved 1075200K
  class space    used 3957K, capacity 4146K, committed 4224K, reserved 1048576K
Event: 13.273 GC heap after
Heap after GC invocations=9 (full 1):
 PSYoungGen      total 64512K, used 5568K [0x00000000e0000000, 0x00000000e4900000, 0x0000000100000000)
  eden space 54272K, 0% used [0x00000000e0000000,0x00000000e0000000,0x00000000e3500000)
  from space 10240K, 54% used [0x00000000e3f00000,0x00000000e4470000,0x00000000e4900000)
  to   space 10240K, 0% used [0x00000000e3500000,0x00000000e3500000,0x00000000e3f00000)
 ParOldGen       total 58880K, used 9201K [0x00000000a0000000, 0x00000000a3980000, 0x00000000e0000000)
  object space 58880K, 15% used [0x00000000a0000000,0x00000000a08fc6a8,0x00000000a3980000)
 Metaspace       used 29081K, capacity 29686K, committed 29824K, reserved 1075200K
  class space    used 3957K, capacity 4146K, committed 4224K, reserved 1048576K
}
Event: 14.600 GC heap before
{Heap before GC invocations=10 (full 1):
 PSYoungGen      total 64512K, used 59840K [0x00000000e0000000, 0x00000000e4900000, 0x0000000100000000)
  eden space 54272K, 100% used [0x00000000e0000000,0x00000000e3500000,0x00000000e3500000)
  from space 10240K, 54% used [0x00000000e3f00000,0x00000000e4470000,0x00000000e4900000)
  to   space 10240K, 0% used [0x00000000e3500000,0x00000000e3500000,0x00000000e3f00000)
 ParOldGen       total 58880K, used 9201K [0x00000000a0000000, 0x00000000a3980000, 0x00000000e0000000)
  object space 58880K, 15% used [0x00000000a0000000,0x00000000a08fc6a8,0x00000000a3980000)
 Metaspace       used 29096K, capacity 29686K, committed 29824K, reserved 1075200K
  class space    used 3961K, capacity 4146K, committed 4224K, reserved 1048576K
Event: 14.616 GC heap after
Heap after GC invocations=10 (full 1):
 PSYoungGen      total 64512K, used 5872K [0x00000000e0000000, 0x00000000e5e00000, 0x0000000100000000)
  eden space 54272K, 0% used [0x00000000e0000000,0x00000000e0000000,0x00000000e3500000)
  from space 10240K, 57% used [0x00000000e3500000,0x00000000e3abc040,0x00000000e3f00000)
  to   space 9728K, 0% used [0x00000000e5480000,0x00000000e5480000,0x00000000e5e00000)
 ParOldGen       total 58880K, used 11809K [0x00000000a0000000, 0x00000000a3980000, 0x00000000e0000000)
  object space 58880K, 20% used [0x00000000a0000000,0x00000000a0b886c8,0x00000000a3980000)
 Metaspace       used 29096K, capacity 29686K, committed 29824K, reserved 1075200K
  class space    used 3961K, capacity 4146K, committed 4224K, reserved 1048576K
}

Deoptimization events (10 events):
Event: 12.497 Thread 0x000000001a8a2800 Uncommon trap: reason=class_check action=maybe_recompile pc=0x00000000054b7878 method=java.util.zip.InflaterInputStream.read([BII)I @ 100
Event: 12.497 Thread 0x000000001a8a2800 Uncommon trap: reason=class_check action=maybe_recompile pc=0x00000000054b7878 method=java.util.zip.InflaterInputStream.read([BII)I @ 100
Event: 12.511 Thread 0x000000001a8a2800 Uncommon trap: reason=unstable_if action=reinterpret pc=0x000000000577b7f0 method=java.io.PushbackInputStream.read([BII)I @ 60
Event: 12.704 Thread 0x000000001a8a2800 Uncommon trap: reason=class_check action=maybe_recompile pc=0x0000000005753918 method=com.google.common.base.Equivalence$Equals.doHash(Ljava/lang/Object;)I @ 1
Event: 12.790 Thread 0x000000001a8a2800 Uncommon trap: reason=class_check action=maybe_recompile pc=0x0000000005755bd4 method=com.google.common.collect.MapMakerInternalMap$Segment.getFirst(I)Lcom/google/common/collect/MapMakerInternalMap$ReferenceEntry; @ 17
Event: 12.791 Thread 0x000000001a8a2800 Uncommon trap: reason=class_check action=maybe_recompile pc=0x0000000005755bd4 method=com.google.common.collect.MapMakerInternalMap$Segment.getFirst(I)Lcom/google/common/collect/MapMakerInternalMap$ReferenceEntry; @ 17
Event: 12.794 Thread 0x000000001a8a2800 Uncommon trap: reason=class_check action=maybe_recompile pc=0x0000000005755bd4 method=com.google.common.collect.MapMakerInternalMap$Segment.getFirst(I)Lcom/google/common/collect/MapMakerInternalMap$ReferenceEntry; @ 17
Event: 12.800 Thread 0x000000001a8a2800 Uncommon trap: reason=class_check action=maybe_recompile pc=0x0000000005755bd4 method=com.google.common.collect.MapMakerInternalMap$Segment.getFirst(I)Lcom/google/common/collect/MapMakerInternalMap$ReferenceEntry; @ 17
Event: 13.122 Thread 0x000000001a8a2800 Uncommon trap: reason=unstable_if action=reinterpret pc=0x000000000576c008 method=org.apache.commons.lang.StringUtils.splitWorker(Ljava/lang/String;Ljava/lang/String;IZ)[Ljava/lang/String; @ 142
Event: 13.233 Thread 0x000000001a8a2800 Uncommon trap: reason=class_check action=maybe_recompile pc=0x0000000005753918 method=com.google.common.base.Equivalence$Equals.doHash(Ljava/lang/Object;)I @ 1

Classes redefined (0 events):
No events

Internal exceptions (10 events):
Event: 12.890 Thread 0x000000001a8a2800 Exception <a 'java/lang/ClassNotFoundException': sync_java_lib1_anxzadmgny3ovxyqu8reiqjq9BeanInfo> (0x00000000e1989208) thrown at [D:\src\AOSP-openjdk-cygwin\jdk8u\hotspot\src\share\vm\classfile\systemDictionary.cpp, line 210]
Event: 12.891 Thread 0x000000001a8a2800 Exception <a 'java/lang/ClassNotFoundException': sync_java_lib1_anxzadmgny3ovxyqu8reiqjq9Customizer> (0x00000000e1994288) thrown at [D:\src\AOSP-openjdk-cygwin\jdk8u\hotspot\src\share\vm\classfile\systemDictionary.cpp, line 210]
Event: 12.938 Thread 0x000000001a8a2800 Exception <a 'java/lang/ClassNotFoundException': org/gradle/invocation/DefaultGradle_DecoratedBeanInfo> (0x00000000e1aaf2b0) thrown at [D:\src\AOSP-openjdk-cygwin\jdk8u\hotspot\src\share\vm\classfile\systemDictionary.cpp, line 210]
Event: 12.939 Thread 0x000000001a8a2800 Exception <a 'java/lang/ClassNotFoundException': org/gradle/invocation/DefaultGradleBeanInfo> (0x00000000e1ad1dd0) thrown at [D:\src\AOSP-openjdk-cygwin\jdk8u\hotspot\src\share\vm\classfile\systemDictionary.cpp, line 210]
Event: 12.940 Thread 0x000000001a8a2800 Exception <a 'java/lang/ClassNotFoundException': org/gradle/api/internal/project/AbstractPluginAwareBeanInfo> (0x00000000e1afc660) thrown at [D:\src\AOSP-openjdk-cygwin\jdk8u\hotspot\src\share\vm\classfile\systemDictionary.cpp, line 210]
Event: 12.943 Thread 0x000000001a8a2800 Exception <a 'java/lang/ClassNotFoundException': org/gradle/api/internal/project/AbstractPluginAwareCustomizer> (0x00000000e1b27510) thrown at [D:\src\AOSP-openjdk-cygwin\jdk8u\hotspot\src\share\vm\classfile\systemDictionary.cpp, line 210]
Event: 12.945 Thread 0x000000001a8a2800 Exception <a 'java/lang/ClassNotFoundException': org/gradle/invocation/DefaultGradleCustomizer> (0x00000000e1b52480) thrown at [D:\src\AOSP-openjdk-cygwin\jdk8u\hotspot\src\share\vm\classfile\systemDictionary.cpp, line 210]
Event: 12.952 Thread 0x000000001a8a2800 Exception <a 'java/lang/ClassNotFoundException': org/gradle/invocation/DefaultGradle_DecoratedCustomizer> (0x00000000e1bbd5b0) thrown at [D:\src\AOSP-openjdk-cygwin\jdk8u\hotspot\src\share\vm\classfile\systemDictionary.cpp, line 210]
Event: 13.109 Thread 0x000000001a8a2800 Exception <a 'java/lang/ClassNotFoundException': sync_ng_build_script_classpath_6f7s3dpygfe97lx98oogsql9nBeanInfo> (0x00000000e1e53810) thrown at [D:\src\AOSP-openjdk-cygwin\jdk8u\hotspot\src\share\vm\classfile\systemDictionary.cpp, line 210]
Event: 13.110 Thread 0x000000001a8a2800 Exception <a 'java/lang/ClassNotFoundException': sync_ng_build_script_classpath_6f7s3dpygfe97lx98oogsql9nCustomizer> (0x00000000e1e607c0) thrown at [D:\src\AOSP-openjdk-cygwin\jdk8u\hotspot\src\share\vm\classfile\systemDictionary.cpp, line 210]

Events (10 events):
Event: 14.991 loading class org/gradle/cache/internal/SimpleStateCache$1
Event: 14.991 loading class org/gradle/cache/internal/SimpleStateCache$1 done
Event: 15.000 loading class org/gradle/launcher/daemon/server/DaemonRegistryUnavailableExpirationStrategy$1
Event: 15.000 loading class org/gradle/launcher/daemon/server/DaemonRegistryUnavailableExpirationStrategy$1 done
Event: 15.000 loading class com/google/common/collect/Lists$TransformingSequentialList$1
Event: 15.000 loading class com/google/common/collect/Lists$TransformingSequentialList$1 done
Event: 15.001 loading class com/google/common/collect/TransformedListIterator
Event: 15.001 loading class com/google/common/collect/TransformedListIterator done
Event: 15.005 loading class com/google/common/collect/TransformedIterator
Event: 15.005 loading class com/google/common/collect/TransformedIterator done


Dynamic libraries:
0x00007ff69def0000 - 0x00007ff69df21000 	D:\Program Files\Android\Android Studio\jre\bin\java.exe
0x00007fff4a0b0000 - 0x00007fff4a290000 	C:\WINDOWS\SYSTEM32\ntdll.dll
0x00007fff49910000 - 0x00007fff499be000 	C:\WINDOWS\System32\KERNEL32.DLL
0x00007fff47310000 - 0x00007fff47576000 	C:\WINDOWS\System32\KERNELBASE.dll
0x00007fff49660000 - 0x00007fff49701000 	C:\WINDOWS\System32\ADVAPI32.dll
0x00007fff49420000 - 0x00007fff494bd000 	C:\WINDOWS\System32\msvcrt.dll
0x00007fff47ce0000 - 0x00007fff47d3b000 	C:\WINDOWS\System32\sechost.dll
0x00007fff49540000 - 0x00007fff4965f000 	C:\WINDOWS\System32\RPCRT4.dll
0x00007fff47a00000 - 0x00007fff47b8f000 	C:\WINDOWS\System32\USER32.dll
0x00007fff47120000 - 0x00007fff47140000 	C:\WINDOWS\System32\win32u.dll
0x00007fff47cb0000 - 0x00007fff47cd8000 	C:\WINDOWS\System32\GDI32.dll
0x00007fff46c00000 - 0x00007fff46d93000 	C:\WINDOWS\System32\gdi32full.dll
0x00007fff46eb0000 - 0x00007fff46f4b000 	C:\WINDOWS\System32\msvcp_win.dll
0x00007fff47210000 - 0x00007fff47305000 	C:\WINDOWS\System32\ucrtbase.dll
0x00007fff31600000 - 0x00007fff31869000 	C:\WINDOWS\WinSxS\amd64_microsoft.windows.common-controls_6595b64144ccf1df_6.0.16299.847_none_15cddd1e93602b6a\COMCTL32.dll
0x00007fff47580000 - 0x00007fff47886000 	C:\WINDOWS\System32\combase.dll
0x00007fff47190000 - 0x00007fff47202000 	C:\WINDOWS\System32\bcryptPrimitives.dll
0x00007fff49230000 - 0x00007fff4925d000 	C:\WINDOWS\System32\IMM32.DLL
0x000000005c9b0000 - 0x000000005ca82000 	D:\Program Files\Android\Android Studio\jre\jre\bin\msvcr100.dll
0x000000005cb70000 - 0x000000005d3b1000 	D:\Program Files\Android\Android Studio\jre\jre\bin\server\jvm.dll
0x00007fff49260000 - 0x00007fff49268000 	C:\WINDOWS\System32\PSAPI.DLL
0x00007fff32710000 - 0x00007fff3271a000 	C:\WINDOWS\SYSTEM32\VERSION.dll
0x00007fff43d30000 - 0x00007fff43d53000 	C:\WINDOWS\SYSTEM32\WINMM.dll
0x00007fff32610000 - 0x00007fff32619000 	C:\WINDOWS\SYSTEM32\WSOCK32.dll
0x00007fff4a010000 - 0x00007fff4a07c000 	C:\WINDOWS\System32\WS2_32.dll
0x00007fff43cd0000 - 0x00007fff43cfa000 	C:\WINDOWS\SYSTEM32\winmmbase.dll
0x00007fff47140000 - 0x00007fff4718a000 	C:\WINDOWS\System32\cfgmgr32.dll
0x00007fff3bef0000 - 0x00007fff3beff000 	D:\Program Files\Android\Android Studio\jre\jre\bin\verify.dll
0x00007fff39e10000 - 0x00007fff39e39000 	D:\Program Files\Android\Android Studio\jre\jre\bin\java.dll
0x00007fff39c10000 - 0x00007fff39c26000 	D:\Program Files\Android\Android Studio\jre\jre\bin\zip.dll
0x00007fff47df0000 - 0x00007fff49228000 	C:\WINDOWS\System32\SHELL32.dll
0x00007fff49710000 - 0x00007fff497b6000 	C:\WINDOWS\System32\shcore.dll
0x00007fff464b0000 - 0x00007fff46bf7000 	C:\WINDOWS\System32\windows.storage.dll
0x00007fff49b60000 - 0x00007fff49bb1000 	C:\WINDOWS\System32\shlwapi.dll
0x00007fff46440000 - 0x00007fff46451000 	C:\WINDOWS\System32\kernel.appcore.dll
0x00007fff46460000 - 0x00007fff464ac000 	C:\WINDOWS\System32\powrprof.dll
0x00007fff46400000 - 0x00007fff4641b000 	C:\WINDOWS\System32\profapi.dll
0x00007fff39bf0000 - 0x00007fff39c0a000 	D:\Program Files\Android\Android Studio\jre\jre\bin\net.dll
0x00007fff45c00000 - 0x00007fff45c66000 	C:\WINDOWS\system32\mswsock.dll
0x00007fff39700000 - 0x00007fff39711000 	D:\Program Files\Android\Android Studio\jre\jre\bin\nio.dll
0x00007fff342c0000 - 0x00007fff342de000 	C:\Users\zhiwei.yan\.gradle\native\25\windows-amd64\native-platform.dll
0x00007fff3bee0000 - 0x00007fff3beed000 	D:\Program Files\Android\Android Studio\jre\jre\bin\management.dll
0x00007fff45dc0000 - 0x00007fff45dd7000 	C:\WINDOWS\SYSTEM32\CRYPTSP.dll
0x00007fff45800000 - 0x00007fff45833000 	C:\WINDOWS\system32\rsaenh.dll
0x00007fff45f30000 - 0x00007fff45f55000 	C:\WINDOWS\SYSTEM32\bcrypt.dll
0x00007fff46330000 - 0x00007fff46359000 	C:\WINDOWS\SYSTEM32\USERENV.dll
0x00007fff45de0000 - 0x00007fff45deb000 	C:\WINDOWS\SYSTEM32\CRYPTBASE.dll
0x00007fff45990000 - 0x00007fff459c9000 	C:\WINDOWS\SYSTEM32\IPHLPAPI.DLL
0x00007fff47b90000 - 0x00007fff47b98000 	C:\WINDOWS\System32\NSI.dll
0x00007fff41d70000 - 0x00007fff41d86000 	C:\WINDOWS\SYSTEM32\dhcpcsvc6.DLL
0x00007fff41d50000 - 0x00007fff41d6a000 	C:\WINDOWS\SYSTEM32\dhcpcsvc.DLL

VM Arguments:
jvm_args: -Xmx1536m -Dfile.encoding=GBK -Duser.country=CN -Duser.language=zh -Duser.variant 
java_command: org.gradle.launcher.daemon.bootstrap.GradleDaemon 4.6
java_class_path (initial): C:\Users\zhiwei.yan\.gradle\wrapper\dists\gradle-4.6-all\bcst21l2brirad8k2ben1letg\gradle-4.6\lib\gradle-launcher-4.6.jar
Launcher Type: SUN_STANDARD

Environment Variables:
JAVA_HOME=C:\Program Files (x86)\Java\jdk1.8.0_91
CLASSPATH=.;C:\Program Files (x86)\Java\jdk1.8.0_91\lib\tools.jar
PATH=C:\WINDOWS\system32;C:\WINDOWS;C:\WINDOWS\System32\Wbem;C:\WINDOWS\System32\WindowsPowerShell\v1.0\;C:\Program Files\Intel\WiFi\bin\;C:\Program Files\Common Files\Intel\WirelessCommon\;C:\Program Files (x86)\Skype\Phone\;C:\Program Files (x86)\Java\jdk1.8.0_91\bin\;D:\soft\sdk\tools;D:\soft\sdk\platform-tools;C:\Program Files\Microsoft SQL Server\130\Tools\Binn\;D:\soft\android-ndk-r13b;C:\Program Files (x86)\Lua\5.1;C:\Program Files (x86)\Lua\5.1\clibs;D:\cygwin64\bin;D:\cygwin64\usr\bin;D:\soft\sdk\bin;D:\soft\sdk\platform-tools;D:\Program Files (x86)\Altium Designer Summer 09\System;d:\Program Files\Git\cmd;D:\Go\bin;D:\soft\sqlite-tools-win32-x86;D:\Program Files (x86)\Python\Python36-32\Scripts\;D:\Program Files (x86)\Python\Python36-32\;C:\Program Files (x86)\IDM Computer Solutions\UltraEdit\;C:\Users\zhiwei.yan\AppData\Local\Microsoft\WindowsApps;C:\Users\zhiwei.yan\go\bin
USERNAME=Zhiwei.Yan
OS=Windows_NT
PROCESSOR_IDENTIFIER=Intel64 Family 6 Model 78 Stepping 3, GenuineIntel



---------------  S Y S T E M  ---------------

OS: Windows 10.0 , 64 bit Build 16299 (10.0.16299.431)

CPU:total 4 (initial active 4) (2 cores per cpu, 2 threads per core) family 6 model 78 stepping 3, cmov, cx8, fxsr, mmx, sse, sse2, sse3, ssse3, sse4.1, sse4.2, popcnt, avx, avx2, aes, clmul, erms, 3dnowpref, lzcnt, ht, tsc, tscinvbit, bmi1, bmi2, adx

Memory: 4k page, physical 8243976k(1262824k free), swap 13486856k(5244k free)

vm_info: OpenJDK 64-Bit Server VM (25.152-b01) for windows-amd64 JRE (1.8.0_152-release-1343-b01), built by "builder" with MS VC++ 10.0 (VS2010)

time: Fri Aug 30 15:34:13 2019
elapsed time: 15 seconds (0d 0h 0m 15s)

